This is pdfTeX, Version 3.14159265-2.6-1.40.19 (MiKTeX 2.9.6840 64-bit) (preloaded format=pdflatex 2018.11.10)  17 DEC 2018 17:48
entering extended mode
**"c:/Users/hrman/Documents/cmsc-142-algo-design-techniques/Algorithm Design Te
chniques.tex"

("c:/Users/hrman/Documents/cmsc-142-algo-design-techniques/Algorithm Design Tec
hniques.tex"
LaTeX2e <2018-04-01> patch level 5
("C:\Users\hrman\AppData\Local\Programs\MiKTeX 2.9\tex\latex\base\article.cls"
Document Class: article 2014/09/29 v1.4h Standard LaTeX document class
("C:\Users\hrman\AppData\Local\Programs\MiKTeX 2.9\tex\latex\base\size12.clo"
File: size12.clo 2014/09/29 v1.4h Standard LaTeX file (size option)
)
\c@part=\count80
\c@section=\count81
\c@subsection=\count82
\c@subsubsection=\count83
\c@paragraph=\count84
\c@subparagraph=\count85
\c@figure=\count86
\c@table=\count87
\abovecaptionskip=\skip41
\belowcaptionskip=\skip42
\bibindent=\dimen102
)
("C:\Users\hrman\AppData\Local\Programs\MiKTeX 2.9\tex\latex\amsfonts\amsfonts.
sty"
Package: amsfonts 2013/01/14 v3.01 Basic AMSFonts support
\@emptytoks=\toks14
\symAMSa=\mathgroup4
\symAMSb=\mathgroup5
LaTeX Font Info:    Overwriting math alphabet `\mathfrak' in version `bold'
(Font)                  U/euf/m/n --> U/euf/b/n on input line 106.
)
("C:\Users\hrman\AppData\Local\Programs\MiKTeX 2.9\tex\latex\fancyhdr\fancyhdr.
sty"
Package: fancyhdr 2017/06/30 v3.9a Extensive control of page headers and footer
s
\f@nch@headwidth=\skip43
\f@nch@O@elh=\skip44
\f@nch@O@erh=\skip45
\f@nch@O@olh=\skip46
\f@nch@O@orh=\skip47
\f@nch@O@elf=\skip48
\f@nch@O@erf=\skip49
\f@nch@O@olf=\skip50
\f@nch@O@orf=\skip51
)
("C:\Users\hrman\AppData\Local\Programs\MiKTeX 2.9\tex\latex\comment\comment.st
y"
\CommentStream=\write3
 Excluding comment 'comment')
("C:\Users\hrman\AppData\Local\Programs\MiKTeX 2.9\tex\latex\geometry\geometry.
sty"
Package: geometry 2018/04/16 v5.8 Page Geometry

("C:\Users\hrman\AppData\Local\Programs\MiKTeX 2.9\tex\latex\graphics\keyval.st
y"
Package: keyval 2014/10/28 v1.15 key=value parser (DPC)
\KV@toks@=\toks15
)
("C:\Users\hrman\AppData\Local\Programs\MiKTeX 2.9\tex\generic\oberdiek\ifpdf.s
ty"
Package: ifpdf 2018/09/07 v3.3 Provides the ifpdf switch
)
("C:\Users\hrman\AppData\Local\Programs\MiKTeX 2.9\tex\generic\oberdiek\ifvtex.
sty"
Package: ifvtex 2016/05/16 v1.6 Detect VTeX and its facilities (HO)
Package ifvtex Info: VTeX not detected.
)
("C:\Users\hrman\AppData\Local\Programs\MiKTeX 2.9\tex\generic\ifxetex\ifxetex.
sty"
Package: ifxetex 2010/09/12 v0.6 Provides ifxetex conditional
)
\Gm@cnth=\count88
\Gm@cntv=\count89
\c@Gm@tempcnt=\count90
\Gm@bindingoffset=\dimen103
\Gm@wd@mp=\dimen104
\Gm@odd@mp=\dimen105
\Gm@even@mp=\dimen106
\Gm@layoutwidth=\dimen107
\Gm@layoutheight=\dimen108
\Gm@layouthoffset=\dimen109
\Gm@layoutvoffset=\dimen110
\Gm@dimlist=\toks16

("C:\Users\hrman\AppData\Local\Programs\MiKTeX 2.9\tex\latex\geometry\geometry.
cfg"))
("C:\Users\hrman\AppData\Local\Programs\MiKTeX 2.9\tex\latex\psnfss\times.sty"
Package: times 2005/04/12 PSNFSS-v9.2a (SPQR) 
)
("C:\Users\hrman\AppData\Local\Programs\MiKTeX 2.9\tex\latex\amsmath\amsmath.st
y"
Package: amsmath 2017/09/02 v2.17a AMS math features
\@mathmargin=\skip52

For additional information on amsmath, use the `?' option.

("C:\Users\hrman\AppData\Local\Programs\MiKTeX 2.9\tex\latex\amsmath\amstext.st
y"
Package: amstext 2000/06/29 v2.01 AMS text

("C:\Users\hrman\AppData\Local\Programs\MiKTeX 2.9\tex\latex\amsmath\amsgen.sty
"
File: amsgen.sty 1999/11/30 v2.0 generic functions
\@emptytoks=\toks17
\ex@=\dimen111
))
("C:\Users\hrman\AppData\Local\Programs\MiKTeX 2.9\tex\latex\amsmath\amsbsy.sty
"
Package: amsbsy 1999/11/29 v1.2d Bold Symbols
\pmbraise@=\dimen112
)
("C:\Users\hrman\AppData\Local\Programs\MiKTeX 2.9\tex\latex\amsmath\amsopn.sty
"
Package: amsopn 2016/03/08 v2.02 operator names
)
\inf@bad=\count91
LaTeX Info: Redefining \frac on input line 213.
\uproot@=\count92
\leftroot@=\count93
LaTeX Info: Redefining \overline on input line 375.
\classnum@=\count94
\DOTSCASE@=\count95
LaTeX Info: Redefining \ldots on input line 472.
LaTeX Info: Redefining \dots on input line 475.
LaTeX Info: Redefining \cdots on input line 596.
\Mathstrutbox@=\box26
\strutbox@=\box27
\big@size=\dimen113
LaTeX Font Info:    Redeclaring font encoding OML on input line 712.
LaTeX Font Info:    Redeclaring font encoding OMS on input line 713.
\macc@depth=\count96
\c@MaxMatrixCols=\count97
\dotsspace@=\muskip10
\c@parentequation=\count98
\dspbrk@lvl=\count99
\tag@help=\toks18
\row@=\count100
\column@=\count101
\maxfields@=\count102
\andhelp@=\toks19
\eqnshift@=\dimen114
\alignsep@=\dimen115
\tagshift@=\dimen116
\tagwidth@=\dimen117
\totwidth@=\dimen118
\lineht@=\dimen119
\@envbody=\toks20
\multlinegap=\skip53
\multlinetaggap=\skip54
\mathdisplay@stack=\toks21
LaTeX Info: Redefining \[ on input line 2817.
LaTeX Info: Redefining \] on input line 2818.
)
("C:\Users\hrman\AppData\Local\Programs\MiKTeX 2.9\tex\latex\mathtools\mathtool
s.sty"
Package: mathtools 2018/01/08 v1.21 mathematical typesetting tools

("C:\Users\hrman\AppData\Local\Programs\MiKTeX 2.9\tex\latex\tools\calc.sty"
Package: calc 2017/05/25 v4.3 Infix arithmetic (KKT,FJ)
\calc@Acount=\count103
\calc@Bcount=\count104
\calc@Adimen=\dimen120
\calc@Bdimen=\dimen121
\calc@Askip=\skip55
\calc@Bskip=\skip56
LaTeX Info: Redefining \setlength on input line 80.
LaTeX Info: Redefining \addtolength on input line 81.
\calc@Ccount=\count105
\calc@Cskip=\skip57
)
("C:\Users\hrman\AppData\Local\Programs\MiKTeX 2.9\tex\latex\mathtools\mhsetup.
sty"
Package: mhsetup 2017/03/31 v1.3 programming setup (MH)
)
LaTeX Info: Thecontrolsequence`\('isalreadyrobust on input line 129.
LaTeX Info: Thecontrolsequence`\)'isalreadyrobust on input line 129.
LaTeX Info: Thecontrolsequence`\['isalreadyrobust on input line 129.
LaTeX Info: Thecontrolsequence`\]'isalreadyrobust on input line 129.
\g_MT_multlinerow_int=\count106
\l_MT_multwidth_dim=\dimen122
\origjot=\skip58
\l_MT_shortvdotswithinadjustabove_dim=\dimen123
\l_MT_shortvdotswithinadjustbelow_dim=\dimen124
\l_MT_above_intertext_sep=\dimen125
\l_MT_below_intertext_sep=\dimen126
\l_MT_above_shortintertext_sep=\dimen127
\l_MT_below_shortintertext_sep=\dimen128
)
("C:\Users\hrman\AppData\Local\Programs\MiKTeX 2.9\tex\latex\changepage\changep
age.sty"
Package: changepage 2009/10/20 v1.0c check page and change page layout
\c@cp@cntr=\count107
\cp@tempcnt=\count108
)
("C:\Users\hrman\AppData\Local\Programs\MiKTeX 2.9\tex\latex\amsfonts\amssymb.s
ty"
Package: amssymb 2013/01/14 v3.01 AMS font symbols
)
("C:\Users\hrman\AppData\Local\Programs\MiKTeX 2.9\tex\latex\graphics\graphicx.
sty"
Package: graphicx 2017/06/01 v1.1a Enhanced LaTeX Graphics (DPC,SPQR)

("C:\Users\hrman\AppData\Local\Programs\MiKTeX 2.9\tex\latex\graphics\graphics.
sty"
Package: graphics 2017/06/25 v1.2c Standard LaTeX Graphics (DPC,SPQR)

("C:\Users\hrman\AppData\Local\Programs\MiKTeX 2.9\tex\latex\graphics\trig.sty"
Package: trig 2016/01/03 v1.10 sin cos tan (DPC)
)
("C:\Users\hrman\AppData\Local\Programs\MiKTeX 2.9\tex\latex\graphics-cfg\graph
ics.cfg"
File: graphics.cfg 2016/06/04 v1.11 sample graphics configuration
)
Package graphics Info: Driver file: pdftex.def on input line 99.

("C:\Users\hrman\AppData\Local\Programs\MiKTeX 2.9\tex\latex\graphics-def\pdfte
x.def"
File: pdftex.def 2018/01/08 v1.0l Graphics/color driver for pdftex
))
\Gin@req@height=\dimen129
\Gin@req@width=\dimen130
)
("C:\Users\hrman\AppData\Local\Programs\MiKTeX 2.9\tex\latex\float\float.sty"
Package: float 2001/11/08 v1.3d Float enhancements (AL)
\c@float@type=\count109
\float@exts=\toks22
\float@box=\box28
\@float@everytoks=\toks23
\@floatcapt=\box29
)
("C:\Users\hrman\AppData\Local\Programs\MiKTeX 2.9\tex\latex\algorithms\algorit
hm.sty"
Package: algorithm 2009/08/24 v0.1 Document Style `algorithm' - floating enviro
nment

("C:\Users\hrman\AppData\Local\Programs\MiKTeX 2.9\tex\latex\base\ifthen.sty"
Package: ifthen 2014/09/29 v1.1c Standard LaTeX ifthen package (DPC)
)
\@float@every@algorithm=\toks24
\c@algorithm=\count110
)
("C:\Users\hrman\AppData\Local\Programs\MiKTeX 2.9\tex\latex\algorithmicx\algor
ithmicx.sty"
Package: algorithmicx 2005/04/27 v1.2 Algorithmicx

Document Style algorithmicx 1.2 - a greatly improved `algorithmic' style
\c@ALG@line=\count111
\c@ALG@rem=\count112
\c@ALG@nested=\count113
\ALG@tlm=\skip59
\ALG@thistlm=\skip60
\c@ALG@Lnr=\count114
\c@ALG@blocknr=\count115
\c@ALG@storecount=\count116
\c@ALG@tmpcounter=\count117
\ALG@tmplength=\skip61
)
("C:\Users\hrman\AppData\Local\Programs\MiKTeX 2.9\tex\latex\algorithmicx\algps
eudocode.sty"
Package: algpseudocode 

Document Style - pseudocode environments for use with the `algorithmicx' style
)
("C:\Users\hrman\AppData\Local\Programs\MiKTeX 2.9\tex\latex\microtype\microtyp
e.sty"
Package: microtype 2018/01/14 v2.7a Micro-typographical refinements (RS)
\MT@toks=\toks25
\MT@count=\count118
LaTeX Info: Redefining \textls on input line 793.
\MT@outer@kern=\dimen131
LaTeX Info: Redefining \textmicrotypecontext on input line 1339.
\MT@listname@count=\count119

("C:\Users\hrman\AppData\Local\Programs\MiKTeX 2.9\tex\latex\microtype\microtyp
e-pdftex.def"
File: microtype-pdftex.def 2018/01/14 v2.7a Definitions specific to pdftex (RS)

LaTeX Info: Redefining \lsstyle on input line 913.
LaTeX Info: Redefining \lslig on input line 913.
\MT@outer@space=\skip62
)
Package microtype Info: Loading configuration file microtype.cfg.

("C:\Users\hrman\AppData\Local\Programs\MiKTeX 2.9\tex\latex\microtype\microtyp
e.cfg"
File: microtype.cfg 2018/01/14 v2.7a microtype main configuration file (RS)
))
("C:\Users\hrman\AppData\Local\Programs\MiKTeX 2.9\tex\latex\biblatex\biblatex.
sty"
Package: biblatex 2018/11/02 v3.12 programmable bibliographies (PK/MW)

("C:\Users\hrman\AppData\Local\Programs\MiKTeX 2.9\tex\generic\oberdiek\pdftexc
mds.sty"
Package: pdftexcmds 2018/09/10 v0.29 Utility functions of pdfTeX for LuaTeX (HO
)

("C:\Users\hrman\AppData\Local\Programs\MiKTeX 2.9\tex\generic\oberdiek\infware
rr.sty"
Package: infwarerr 2016/05/16 v1.4 Providing info/warning/error messages (HO)
)
("C:\Users\hrman\AppData\Local\Programs\MiKTeX 2.9\tex\generic\oberdiek\ifluate
x.sty"
Package: ifluatex 2016/05/16 v1.4 Provides the ifluatex switch (HO)
Package ifluatex Info: LuaTeX not detected.
)
("C:\Users\hrman\AppData\Local\Programs\MiKTeX 2.9\tex\generic\oberdiek\ltxcmds
.sty"
Package: ltxcmds 2016/05/16 v1.23 LaTeX kernel commands for general use (HO)
)
Package pdftexcmds Info: LuaTeX not detected.
Package pdftexcmds Info: \pdf@primitive is available.
Package pdftexcmds Info: \pdf@ifprimitive is available.
Package pdftexcmds Info: \pdfdraftmode found.
)
("C:\Users\hrman\AppData\Local\Programs\MiKTeX 2.9\tex\latex\etoolbox\etoolbox.
sty"
Package: etoolbox 2018/08/19 v2.5f e-TeX tools for LaTeX (JAW)
\etb@tempcnta=\count120
)
("C:\Users\hrman\AppData\Local\Programs\MiKTeX 2.9\tex\latex\oberdiek\kvoptions
.sty"
Package: kvoptions 2016/05/16 v3.12 Key value format for package options (HO)

("C:\Users\hrman\AppData\Local\Programs\MiKTeX 2.9\tex\generic\oberdiek\kvsetke
ys.sty"
Package: kvsetkeys 2016/05/16 v1.17 Key value parser (HO)

("C:\Users\hrman\AppData\Local\Programs\MiKTeX 2.9\tex\generic\oberdiek\etexcmd
s.sty"
Package: etexcmds 2016/05/16 v1.6 Avoid name clashes with e-TeX commands (HO)
Package etexcmds Info: Could not find \expanded.
(etexcmds)             That can mean that you are not using pdfTeX 1.50 or
(etexcmds)             that some package has redefined \expanded.
(etexcmds)             In the latter case, load this package earlier.
)))
("C:\Users\hrman\AppData\Local\Programs\MiKTeX 2.9\tex\latex\logreq\logreq.sty"
Package: logreq 2010/08/04 v1.0 xml request logger
\lrq@indent=\count121
("C:\Users\hrman\AppData\Local\Programs\MiKTeX 2.9\tex\latex\logreq\logreq.def"
File: logreq.def 2010/08/04 v1.0 logreq spec v1.0
)) ("C:\Users\hrman\AppData\Local\Programs\MiKTeX 2.9\tex\latex\url\url.sty"
\Urlmuskip=\muskip11
Package: url 2013/09/16  ver 3.4  Verb mode for urls, etc.
)
\c@tabx@nest=\count122
\c@listtotal=\count123
\c@listcount=\count124
\c@liststart=\count125
\c@liststop=\count126
\c@citecount=\count127
\c@citetotal=\count128
\c@multicitecount=\count129
\c@multicitetotal=\count130
\c@instcount=\count131
\c@maxnames=\count132
\c@minnames=\count133
\c@maxitems=\count134
\c@minitems=\count135
\c@citecounter=\count136
\c@maxcitecounter=\count137
\c@savedcitecounter=\count138
\c@uniquelist=\count139
\c@uniquename=\count140
\c@refsection=\count141
\c@refsegment=\count142
\c@maxextratitle=\count143
\c@maxextratitleyear=\count144
\c@maxextraname=\count145
\c@maxextradate=\count146
\c@maxextraalpha=\count147
\c@abbrvpenalty=\count148
\c@highnamepenalty=\count149
\c@lownamepenalty=\count150
\c@maxparens=\count151
\c@parenlevel=\count152
\blx@tempcnta=\count153
\blx@tempcntb=\count154
\blx@tempcntc=\count155
\blx@maxsection=\count156
\blx@maxsegment@0=\count157
\blx@notetype=\count158
\blx@parenlevel@text=\count159
\blx@parenlevel@foot=\count160
\blx@sectionciteorder@0=\count161
\blx@entrysetcounter=\count162
\labelnumberwidth=\skip63
\labelalphawidth=\skip64
\biblabelsep=\skip65
\bibitemsep=\skip66
\bibnamesep=\skip67
\bibinitsep=\skip68
\bibparsep=\skip69
\bibhang=\skip70
\blx@bcfin=\read1
\blx@bcfout=\write4
\c@mincomprange=\count163
\c@maxcomprange=\count164
\c@mincompwidth=\count165
Package biblatex Info: Trying to load biblatex default data model...
Package biblatex Info: ... file 'blx-dm.def' found.

("C:\Users\hrman\AppData\Local\Programs\MiKTeX 2.9\tex\latex\biblatex\blx-dm.de
f"
File: blx-dm.def 2018/11/02 v3.12 biblatex localization (PK/MW)
)
Package biblatex Info: Trying to load biblatex style data model...
Package biblatex Info: ... file 'ieee.dbx' not found.
Package biblatex Info: Trying to load biblatex custom data model...
Package biblatex Info: ... file 'biblatex-dm.cfg' not found.
\c@afterword=\count166
\c@savedafterword=\count167
\c@annotator=\count168
\c@savedannotator=\count169
\c@author=\count170
\c@savedauthor=\count171
\c@bookauthor=\count172
\c@savedbookauthor=\count173
\c@commentator=\count174
\c@savedcommentator=\count175
\c@editor=\count176
\c@savededitor=\count177
\c@editora=\count178
\c@savededitora=\count179
\c@editorb=\count180
\c@savededitorb=\count181
\c@editorc=\count182
\c@savededitorc=\count183
\c@foreword=\count184
\c@savedforeword=\count185
\c@holder=\count186
\c@savedholder=\count187
\c@introduction=\count188
\c@savedintroduction=\count189
\c@namea=\count190
\c@savednamea=\count191
\c@nameb=\count192
\c@savednameb=\count193
\c@namec=\count194
\c@savednamec=\count195
\c@translator=\count196
\c@savedtranslator=\count197
\c@shortauthor=\count198
\c@savedshortauthor=\count199
\c@shorteditor=\count266
\c@savedshorteditor=\count267
\c@labelname=\count268
\c@savedlabelname=\count269
\c@institution=\count270
\c@savedinstitution=\count271
\c@lista=\count272
\c@savedlista=\count273
\c@listb=\count274
\c@savedlistb=\count275
\c@listc=\count276
\c@savedlistc=\count277
\c@listd=\count278
\c@savedlistd=\count279
\c@liste=\count280
\c@savedliste=\count281
\c@listf=\count282
\c@savedlistf=\count283
\c@location=\count284
\c@savedlocation=\count285
\c@organization=\count286
\c@savedorganization=\count287
\c@origlocation=\count288
\c@savedoriglocation=\count289
\c@origpublisher=\count290
\c@savedorigpublisher=\count291
\c@publisher=\count292
\c@savedpublisher=\count293
\c@language=\count294
\c@savedlanguage=\count295
\c@origlanguage=\count296
\c@savedoriglanguage=\count297
\c@pageref=\count298
\c@savedpageref=\count299
\shorthandwidth=\skip71
\shortjournalwidth=\skip72
\shortserieswidth=\skip73
\shorttitlewidth=\skip74
\shortauthorwidth=\skip75
\shorteditorwidth=\skip76
\locallabelnumberwidth=\skip77
\locallabelalphawidth=\skip78
\localshorthandwidth=\skip79
\localshortjournalwidth=\skip80
\localshortserieswidth=\skip81
\localshorttitlewidth=\skip82
\localshortauthorwidth=\skip83
\localshorteditorwidth=\skip84
Package biblatex Info: Trying to load compatibility code...
Package biblatex Info: ... file 'blx-compat.def' found.

("C:\Users\hrman\AppData\Local\Programs\MiKTeX 2.9\tex\latex\biblatex\blx-compa
t.def"
File: blx-compat.def 2018/11/02 v3.12 biblatex compatibility (PK/MW)
)
Package biblatex Info: Trying to load generic definitions...
Package biblatex Info: ... file 'biblatex.def' found.

("C:\Users\hrman\AppData\Local\Programs\MiKTeX 2.9\tex\latex\biblatex\biblatex.
def"
File: biblatex.def 2018/11/02 v3.12 biblatex compatibility (PK/MW)
\c@textcitecount=\count300
\c@textcitetotal=\count301
\c@textcitemaxnames=\count302
\c@biburlnumpenalty=\count303
\c@biburlucpenalty=\count304
\c@biburllcpenalty=\count305
\c@smartand=\count306
)
Package biblatex Info: Trying to load bibliography style 'ieee'...
Package biblatex Info: ... file 'ieee.bbx' found.

("C:\Users\hrman\AppData\Local\Programs\MiKTeX 2.9\tex\latex\biblatex-ieee\ieee
.bbx"
File: ieee.bbx 2018/08/20 v1.3 biblatex bibliography style
Package biblatex Info: Trying to load bibliography style 'numeric-comp'...
Package biblatex Info: ... file 'numeric-comp.bbx' found.

("C:\Users\hrman\AppData\Local\Programs\MiKTeX 2.9\tex\latex\biblatex\bbx\numer
ic-comp.bbx"
File: numeric-comp.bbx 2018/11/02 v3.12 biblatex bibliography style (PK/MW)
Package biblatex Info: Trying to load bibliography style 'numeric'...
Package biblatex Info: ... file 'numeric.bbx' found.

("C:\Users\hrman\AppData\Local\Programs\MiKTeX 2.9\tex\latex\biblatex\bbx\numer
ic.bbx"
File: numeric.bbx 2018/11/02 v3.12 biblatex bibliography style (PK/MW)
Package biblatex Info: Trying to load bibliography style 'standard'...
Package biblatex Info: ... file 'standard.bbx' found.

("C:\Users\hrman\AppData\Local\Programs\MiKTeX 2.9\tex\latex\biblatex\bbx\stand
ard.bbx"
File: standard.bbx 2018/11/02 v3.12 biblatex bibliography style (PK/MW)
\c@bbx:relatedcount=\count307
\c@bbx:relatedtotal=\count308
))))
Package biblatex Info: Trying to load citation style 'ieee'...
Package biblatex Info: ... file 'ieee.cbx' found.

("C:\Users\hrman\AppData\Local\Programs\MiKTeX 2.9\tex\latex\biblatex-ieee\ieee
.cbx"
File: ieee.cbx 2018/08/20 v1.3 biblatex citation style
Package biblatex Info: Trying to load citation style 'numeric-comp'...
Package biblatex Info: ... file 'numeric-comp.cbx' found.

("C:\Users\hrman\AppData\Local\Programs\MiKTeX 2.9\tex\latex\biblatex\cbx\numer
ic-comp.cbx"
File: numeric-comp.cbx 2018/11/02 v3.12 biblatex citation style (PK/MW)
\c@cbx@tempcnta=\count309
\c@cbx@tempcntb=\count310
Package biblatex Info: Redefining '\cite'.
Package biblatex Info: Redefining '\parencite'.
Package biblatex Info: Redefining '\footcite'.
Package biblatex Info: Redefining '\footcitetext'.
Package biblatex Info: Redefining '\smartcite'.
Package biblatex Info: Redefining '\supercite'.
Package biblatex Info: Redefining '\textcite'.
Package biblatex Info: Redefining '\textcites'.
Package biblatex Info: Redefining '\cites'.
Package biblatex Info: Redefining '\parencites'.
Package biblatex Info: Redefining '\smartcites'.
)
Package biblatex Info: Redefining '\cite'.
Package biblatex Info: Redefining '\cites'.
)
Package biblatex Info: Trying to load configuration file...
Package biblatex Info: ... file 'biblatex.cfg' found.

("C:\Users\hrman\AppData\Local\Programs\MiKTeX 2.9\tex\latex\biblatex\biblatex.
cfg"
File: biblatex.cfg 
))
("C:\Users\hrman\AppData\Local\Programs\MiKTeX 2.9\tex\latex\pgf\frontendlayer\
tikz.sty"
("C:\Users\hrman\AppData\Local\Programs\MiKTeX 2.9\tex\latex\pgf\basiclayer\pgf
.sty"
("C:\Users\hrman\AppData\Local\Programs\MiKTeX 2.9\tex\latex\pgf\utilities\pgfr
cs.sty"
("C:\Users\hrman\AppData\Local\Programs\MiKTeX 2.9\tex\generic\pgf\utilities\pg
futil-common.tex"
\pgfutil@everybye=\toks26
\pgfutil@tempdima=\dimen132
\pgfutil@tempdimb=\dimen133

("C:\Users\hrman\AppData\Local\Programs\MiKTeX 2.9\tex\generic\pgf\utilities\pg
futil-common-lists.tex"))
("C:\Users\hrman\AppData\Local\Programs\MiKTeX 2.9\tex\generic\pgf\utilities\pg
futil-latex.def"
\pgfutil@abb=\box30

("C:\Users\hrman\AppData\Local\Programs\MiKTeX 2.9\tex\latex\ms\everyshi.sty"
Package: everyshi 2001/05/15 v3.00 EveryShipout Package (MS)
))
("C:\Users\hrman\AppData\Local\Programs\MiKTeX 2.9\tex\generic\pgf\utilities\pg
frcs.code.tex"
Package: pgfrcs 2015/08/07 v3.0.1a (rcs-revision 1.31)
))
Package: pgf 2015/08/07 v3.0.1a (rcs-revision 1.15)

("C:\Users\hrman\AppData\Local\Programs\MiKTeX 2.9\tex\latex\pgf\basiclayer\pgf
core.sty"
("C:\Users\hrman\AppData\Local\Programs\MiKTeX 2.9\tex\latex\pgf\systemlayer\pg
fsys.sty"
("C:\Users\hrman\AppData\Local\Programs\MiKTeX 2.9\tex\generic\pgf\systemlayer\
pgfsys.code.tex"
Package: pgfsys 2014/07/09 v3.0.1a (rcs-revision 1.48)

("C:\Users\hrman\AppData\Local\Programs\MiKTeX 2.9\tex\generic\pgf\utilities\pg
fkeys.code.tex"
\pgfkeys@pathtoks=\toks27
\pgfkeys@temptoks=\toks28

("C:\Users\hrman\AppData\Local\Programs\MiKTeX 2.9\tex\generic\pgf\utilities\pg
fkeysfiltered.code.tex"
\pgfkeys@tmptoks=\toks29
))
\pgf@x=\dimen134
\pgf@y=\dimen135
\pgf@xa=\dimen136
\pgf@ya=\dimen137
\pgf@xb=\dimen138
\pgf@yb=\dimen139
\pgf@xc=\dimen140
\pgf@yc=\dimen141
\w@pgf@writea=\write5
\r@pgf@reada=\read2
\c@pgf@counta=\count311
\c@pgf@countb=\count312
\c@pgf@countc=\count313
\c@pgf@countd=\count314
\t@pgf@toka=\toks30
\t@pgf@tokb=\toks31
\t@pgf@tokc=\toks32

("C:\Users\hrman\AppData\Local\Programs\MiKTeX 2.9\tex\generic\pgf\systemlayer\
pgf.cfg"
File: pgf.cfg 2008/05/14  (rcs-revision 1.7)
)
Driver file for pgf: pgfsys-pdftex.def

("C:\Users\hrman\AppData\Local\Programs\MiKTeX 2.9\tex\generic\pgf\systemlayer\
pgfsys-pdftex.def"
File: pgfsys-pdftex.def 2014/10/11  (rcs-revision 1.35)

("C:\Users\hrman\AppData\Local\Programs\MiKTeX 2.9\tex\generic\pgf\systemlayer\
pgfsys-common-pdf.def"
File: pgfsys-common-pdf.def 2013/10/10  (rcs-revision 1.13)
)))
("C:\Users\hrman\AppData\Local\Programs\MiKTeX 2.9\tex\generic\pgf\systemlayer\
pgfsyssoftpath.code.tex"
File: pgfsyssoftpath.code.tex 2013/09/09  (rcs-revision 1.9)
\pgfsyssoftpath@smallbuffer@items=\count315
\pgfsyssoftpath@bigbuffer@items=\count316
)
("C:\Users\hrman\AppData\Local\Programs\MiKTeX 2.9\tex\generic\pgf\systemlayer\
pgfsysprotocol.code.tex"
File: pgfsysprotocol.code.tex 2006/10/16  (rcs-revision 1.4)
))
("C:\Users\hrman\AppData\Local\Programs\MiKTeX 2.9\tex\latex\xcolor\xcolor.sty"
Package: xcolor 2016/05/11 v2.12 LaTeX color extensions (UK)

("C:\Users\hrman\AppData\Local\Programs\MiKTeX 2.9\tex\latex\graphics-cfg\color
.cfg"
File: color.cfg 2016/01/02 v1.6 sample color configuration
)
Package xcolor Info: Driver file: pdftex.def on input line 225.
Package xcolor Info: Model `cmy' substituted by `cmy0' on input line 1348.
Package xcolor Info: Model `hsb' substituted by `rgb' on input line 1352.
Package xcolor Info: Model `RGB' extended on input line 1364.
Package xcolor Info: Model `HTML' substituted by `rgb' on input line 1366.
Package xcolor Info: Model `Hsb' substituted by `hsb' on input line 1367.
Package xcolor Info: Model `tHsb' substituted by `hsb' on input line 1368.
Package xcolor Info: Model `HSB' substituted by `hsb' on input line 1369.
Package xcolor Info: Model `Gray' substituted by `gray' on input line 1370.
Package xcolor Info: Model `wave' substituted by `hsb' on input line 1371.
)
("C:\Users\hrman\AppData\Local\Programs\MiKTeX 2.9\tex\generic\pgf\basiclayer\p
gfcore.code.tex"
Package: pgfcore 2010/04/11 v3.0.1a (rcs-revision 1.7)

("C:\Users\hrman\AppData\Local\Programs\MiKTeX 2.9\tex\generic\pgf\math\pgfmath
.code.tex"
("C:\Users\hrman\AppData\Local\Programs\MiKTeX 2.9\tex\generic\pgf\math\pgfmath
calc.code.tex"
("C:\Users\hrman\AppData\Local\Programs\MiKTeX 2.9\tex\generic\pgf\math\pgfmath
util.code.tex")
("C:\Users\hrman\AppData\Local\Programs\MiKTeX 2.9\tex\generic\pgf\math\pgfmath
parser.code.tex"
\pgfmath@dimen=\dimen142
\pgfmath@count=\count317
\pgfmath@box=\box31
\pgfmath@toks=\toks33
\pgfmath@stack@operand=\toks34
\pgfmath@stack@operation=\toks35
)
("C:\Users\hrman\AppData\Local\Programs\MiKTeX 2.9\tex\generic\pgf\math\pgfmath
functions.code.tex"
("C:\Users\hrman\AppData\Local\Programs\MiKTeX 2.9\tex\generic\pgf\math\pgfmath
functions.basic.code.tex")
("C:\Users\hrman\AppData\Local\Programs\MiKTeX 2.9\tex\generic\pgf\math\pgfmath
functions.trigonometric.code.tex")
("C:\Users\hrman\AppData\Local\Programs\MiKTeX 2.9\tex\generic\pgf\math\pgfmath
functions.random.code.tex")
("C:\Users\hrman\AppData\Local\Programs\MiKTeX 2.9\tex\generic\pgf\math\pgfmath
functions.comparison.code.tex")
("C:\Users\hrman\AppData\Local\Programs\MiKTeX 2.9\tex\generic\pgf\math\pgfmath
functions.base.code.tex")
("C:\Users\hrman\AppData\Local\Programs\MiKTeX 2.9\tex\generic\pgf\math\pgfmath
functions.round.code.tex")
("C:\Users\hrman\AppData\Local\Programs\MiKTeX 2.9\tex\generic\pgf\math\pgfmath
functions.misc.code.tex")
("C:\Users\hrman\AppData\Local\Programs\MiKTeX 2.9\tex\generic\pgf\math\pgfmath
functions.integerarithmetics.code.tex")))
("C:\Users\hrman\AppData\Local\Programs\MiKTeX 2.9\tex\generic\pgf\math\pgfmath
float.code.tex"
\c@pgfmathroundto@lastzeros=\count318
))
("C:\Users\hrman\AppData\Local\Programs\MiKTeX 2.9\tex\generic\pgf\basiclayer\p
gfcorepoints.code.tex"
File: pgfcorepoints.code.tex 2013/10/07  (rcs-revision 1.27)
\pgf@picminx=\dimen143
\pgf@picmaxx=\dimen144
\pgf@picminy=\dimen145
\pgf@picmaxy=\dimen146
\pgf@pathminx=\dimen147
\pgf@pathmaxx=\dimen148
\pgf@pathminy=\dimen149
\pgf@pathmaxy=\dimen150
\pgf@xx=\dimen151
\pgf@xy=\dimen152
\pgf@yx=\dimen153
\pgf@yy=\dimen154
\pgf@zx=\dimen155
\pgf@zy=\dimen156
)
("C:\Users\hrman\AppData\Local\Programs\MiKTeX 2.9\tex\generic\pgf\basiclayer\p
gfcorepathconstruct.code.tex"
File: pgfcorepathconstruct.code.tex 2013/10/07  (rcs-revision 1.29)
\pgf@path@lastx=\dimen157
\pgf@path@lasty=\dimen158
)
("C:\Users\hrman\AppData\Local\Programs\MiKTeX 2.9\tex\generic\pgf\basiclayer\p
gfcorepathusage.code.tex"
File: pgfcorepathusage.code.tex 2014/11/02  (rcs-revision 1.24)
\pgf@shorten@end@additional=\dimen159
\pgf@shorten@start@additional=\dimen160
)
("C:\Users\hrman\AppData\Local\Programs\MiKTeX 2.9\tex\generic\pgf\basiclayer\p
gfcorescopes.code.tex"
File: pgfcorescopes.code.tex 2015/05/08  (rcs-revision 1.46)
\pgfpic=\box32
\pgf@hbox=\box33
\pgf@layerbox@main=\box34
\pgf@picture@serial@count=\count319
)
("C:\Users\hrman\AppData\Local\Programs\MiKTeX 2.9\tex\generic\pgf\basiclayer\p
gfcoregraphicstate.code.tex"
File: pgfcoregraphicstate.code.tex 2014/11/02  (rcs-revision 1.12)
\pgflinewidth=\dimen161
)
("C:\Users\hrman\AppData\Local\Programs\MiKTeX 2.9\tex\generic\pgf\basiclayer\p
gfcoretransformations.code.tex"
File: pgfcoretransformations.code.tex 2015/08/07  (rcs-revision 1.20)
\pgf@pt@x=\dimen162
\pgf@pt@y=\dimen163
\pgf@pt@temp=\dimen164
)
("C:\Users\hrman\AppData\Local\Programs\MiKTeX 2.9\tex\generic\pgf\basiclayer\p
gfcorequick.code.tex"
File: pgfcorequick.code.tex 2008/10/09  (rcs-revision 1.3)
)
("C:\Users\hrman\AppData\Local\Programs\MiKTeX 2.9\tex\generic\pgf\basiclayer\p
gfcoreobjects.code.tex"
File: pgfcoreobjects.code.tex 2006/10/11  (rcs-revision 1.2)
)
("C:\Users\hrman\AppData\Local\Programs\MiKTeX 2.9\tex\generic\pgf\basiclayer\p
gfcorepathprocessing.code.tex"
File: pgfcorepathprocessing.code.tex 2013/09/09  (rcs-revision 1.9)
)
("C:\Users\hrman\AppData\Local\Programs\MiKTeX 2.9\tex\generic\pgf\basiclayer\p
gfcorearrows.code.tex"
File: pgfcorearrows.code.tex 2015/05/14  (rcs-revision 1.43)
\pgfarrowsep=\dimen165
)
("C:\Users\hrman\AppData\Local\Programs\MiKTeX 2.9\tex\generic\pgf\basiclayer\p
gfcoreshade.code.tex"
File: pgfcoreshade.code.tex 2013/07/15  (rcs-revision 1.15)
\pgf@max=\dimen166
\pgf@sys@shading@range@num=\count320
)
("C:\Users\hrman\AppData\Local\Programs\MiKTeX 2.9\tex\generic\pgf\basiclayer\p
gfcoreimage.code.tex"
File: pgfcoreimage.code.tex 2013/07/15  (rcs-revision 1.18)

("C:\Users\hrman\AppData\Local\Programs\MiKTeX 2.9\tex\generic\pgf\basiclayer\p
gfcoreexternal.code.tex"
File: pgfcoreexternal.code.tex 2014/07/09  (rcs-revision 1.21)
\pgfexternal@startupbox=\box35
))
("C:\Users\hrman\AppData\Local\Programs\MiKTeX 2.9\tex\generic\pgf\basiclayer\p
gfcorelayers.code.tex"
File: pgfcorelayers.code.tex 2013/07/18  (rcs-revision 1.7)
)
("C:\Users\hrman\AppData\Local\Programs\MiKTeX 2.9\tex\generic\pgf\basiclayer\p
gfcoretransparency.code.tex"
File: pgfcoretransparency.code.tex 2013/09/30  (rcs-revision 1.5)
)
("C:\Users\hrman\AppData\Local\Programs\MiKTeX 2.9\tex\generic\pgf\basiclayer\p
gfcorepatterns.code.tex"
File: pgfcorepatterns.code.tex 2013/11/07  (rcs-revision 1.5)
)))
("C:\Users\hrman\AppData\Local\Programs\MiKTeX 2.9\tex\generic\pgf\modules\pgfm
oduleshapes.code.tex"
File: pgfmoduleshapes.code.tex 2014/03/21  (rcs-revision 1.35)
\pgfnodeparttextbox=\box36
)
("C:\Users\hrman\AppData\Local\Programs\MiKTeX 2.9\tex\generic\pgf\modules\pgfm
oduleplot.code.tex"
File: pgfmoduleplot.code.tex 2015/08/03  (rcs-revision 1.13)
)
("C:\Users\hrman\AppData\Local\Programs\MiKTeX 2.9\tex\latex\pgf\compatibility\
pgfcomp-version-0-65.sty"
Package: pgfcomp-version-0-65 2007/07/03 v3.0.1a (rcs-revision 1.7)
\pgf@nodesepstart=\dimen167
\pgf@nodesepend=\dimen168
)
("C:\Users\hrman\AppData\Local\Programs\MiKTeX 2.9\tex\latex\pgf\compatibility\
pgfcomp-version-1-18.sty"
Package: pgfcomp-version-1-18 2007/07/23 v3.0.1a (rcs-revision 1.1)
))
("C:\Users\hrman\AppData\Local\Programs\MiKTeX 2.9\tex\latex\pgf\utilities\pgff
or.sty"
("C:\Users\hrman\AppData\Local\Programs\MiKTeX 2.9\tex\latex\pgf\utilities\pgfk
eys.sty"
("C:\Users\hrman\AppData\Local\Programs\MiKTeX 2.9\tex\generic\pgf\utilities\pg
fkeys.code.tex"))
("C:\Users\hrman\AppData\Local\Programs\MiKTeX 2.9\tex\latex\pgf\math\pgfmath.s
ty"
("C:\Users\hrman\AppData\Local\Programs\MiKTeX 2.9\tex\generic\pgf\math\pgfmath
.code.tex"))
("C:\Users\hrman\AppData\Local\Programs\MiKTeX 2.9\tex\generic\pgf\utilities\pg
ffor.code.tex"
Package: pgffor 2013/12/13 v3.0.1a (rcs-revision 1.25)

("C:\Users\hrman\AppData\Local\Programs\MiKTeX 2.9\tex\generic\pgf\math\pgfmath
.code.tex")
\pgffor@iter=\dimen169
\pgffor@skip=\dimen170
\pgffor@stack=\toks36
\pgffor@toks=\toks37
))
("C:\Users\hrman\AppData\Local\Programs\MiKTeX 2.9\tex\generic\pgf\frontendlaye
r\tikz\tikz.code.tex"
Package: tikz 2015/08/07 v3.0.1a (rcs-revision 1.151)

("C:\Users\hrman\AppData\Local\Programs\MiKTeX 2.9\tex\generic\pgf\libraries\pg
flibraryplothandlers.code.tex"
File: pgflibraryplothandlers.code.tex 2013/08/31 v3.0.1a (rcs-revision 1.20)
\pgf@plot@mark@count=\count321
\pgfplotmarksize=\dimen171
)
\tikz@lastx=\dimen172
\tikz@lasty=\dimen173
\tikz@lastxsaved=\dimen174
\tikz@lastysaved=\dimen175
\tikzleveldistance=\dimen176
\tikzsiblingdistance=\dimen177
\tikz@figbox=\box37
\tikz@figbox@bg=\box38
\tikz@tempbox=\box39
\tikz@tempbox@bg=\box40
\tikztreelevel=\count322
\tikznumberofchildren=\count323
\tikznumberofcurrentchild=\count324
\tikz@fig@count=\count325

("C:\Users\hrman\AppData\Local\Programs\MiKTeX 2.9\tex\generic\pgf\modules\pgfm
odulematrix.code.tex"
File: pgfmodulematrix.code.tex 2013/09/17  (rcs-revision 1.8)
\pgfmatrixcurrentrow=\count326
\pgfmatrixcurrentcolumn=\count327
\pgf@matrix@numberofcolumns=\count328
)
\tikz@expandcount=\count329

("C:\Users\hrman\AppData\Local\Programs\MiKTeX 2.9\tex\generic\pgf\frontendlaye
r\tikz\libraries\tikzlibrarytopaths.code.tex"
File: tikzlibrarytopaths.code.tex 2008/06/17 v3.0.1a (rcs-revision 1.2)
)))

Package biblatex Warning: File 'english-ieee.lbx' not found!
(biblatex)                Ignoring mapping 'english' -> 'english-ieee'.

Package biblatex Info: Trying to load language 'english'...
Package biblatex Info: ... file 'english.lbx' found.

("C:\Users\hrman\AppData\Local\Programs\MiKTeX 2.9\tex\latex\biblatex\lbx\engli
sh.lbx"
File: english.lbx 2018/11/02 v3.12 biblatex localization (PK/MW)
)
\@quotelevel=\count330
\@quotereset=\count331
 ("Algorithm Design Techniques.aux"

LaTeX Warning: Label `cmp' multiply defined.

)
\openout1 = `"Algorithm Design Techniques.aux"'.

LaTeX Font Info:    Checking defaults for OML/cmm/m/it on input line 26.
LaTeX Font Info:    ... okay on input line 26.
LaTeX Font Info:    Checking defaults for T1/cmr/m/n on input line 26.
LaTeX Font Info:    ... okay on input line 26.
LaTeX Font Info:    Checking defaults for OT1/cmr/m/n on input line 26.
LaTeX Font Info:    ... okay on input line 26.
LaTeX Font Info:    Checking defaults for OMS/cmsy/m/n on input line 26.
LaTeX Font Info:    ... okay on input line 26.
LaTeX Font Info:    Checking defaults for OMX/cmex/m/n on input line 26.
LaTeX Font Info:    ... okay on input line 26.
LaTeX Font Info:    Checking defaults for U/cmr/m/n on input line 26.
LaTeX Font Info:    ... okay on input line 26.
LaTeX Font Info:    Try loading font information for OT1+ptm on input line 26.
 ("C:\Users\hrman\AppData\Local\Programs\MiKTeX 2.9\tex\latex\psnfss\ot1ptm.fd"
File: ot1ptm.fd 2001/06/04 font definitions for OT1/ptm.
)
*geometry* driver: auto-detecting
*geometry* detected driver: pdftex
*geometry* verbose mode - [ preamble ] result:
* driver: pdftex
* paper: a4paper
* layout: <same size as paper>
* layoutoffset:(h,v)=(0.0pt,0.0pt)
* modes: 
* h-part:(L,W,R)=(62.59596pt, 472.31595pt, 62.59596pt)
* v-part:(T,H,B)=(71.13188pt, 702.78308pt, 71.13188pt)
* \paperwidth=597.50787pt
* \paperheight=845.04684pt
* \textwidth=472.31595pt
* \textheight=702.78308pt
* \oddsidemargin=-9.67403pt
* \evensidemargin=-9.67403pt
* \topmargin=-38.1381pt
* \headheight=12.0pt
* \headsep=25.0pt
* \topskip=12.0pt
* \footskip=30.0pt
* \marginparwidth=44.0pt
* \marginparsep=10.0pt
* \columnsep=10.0pt
* \skip\footins=10.8pt plus 4.0pt minus 2.0pt
* \hoffset=0.0pt
* \voffset=0.0pt
* \mag=1000
* \@twocolumnfalse
* \@twosidefalse
* \@mparswitchfalse
* \@reversemarginfalse
* (1in=72.27pt=25.4mm, 1cm=28.453pt)


("C:\Users\hrman\AppData\Local\Programs\MiKTeX 2.9\tex\context\base\supp-pdf.mk
ii"
[Loading MPS to PDF converter (version 2006.09.02).]
\scratchcounter=\count332
\scratchdimen=\dimen178
\scratchbox=\box41
\nofMPsegments=\count333
\nofMParguments=\count334
\everyMPshowfont=\toks38
\MPscratchCnt=\count335
\MPscratchDim=\dimen179
\MPnumerator=\count336
\makeMPintoPDFobject=\count337
\everyMPtoPDFconversion=\toks39
)
("C:\Users\hrman\AppData\Local\Programs\MiKTeX 2.9\tex\latex\oberdiek\epstopdf-
base.sty"
Package: epstopdf-base 2016/05/15 v2.6 Base part for package epstopdf

("C:\Users\hrman\AppData\Local\Programs\MiKTeX 2.9\tex\latex\oberdiek\grfext.st
y"
Package: grfext 2016/05/16 v1.2 Manage graphics extensions (HO)

("C:\Users\hrman\AppData\Local\Programs\MiKTeX 2.9\tex\generic\oberdiek\kvdefin
ekeys.sty"
Package: kvdefinekeys 2016/05/16 v1.4 Define keys (HO)
))
Package epstopdf-base Info: Redefining graphics rule for `.eps' on input line 4
38.
Package grfext Info: Graphics extension search list:
(grfext)             [.pdf,.png,.jpg,.mps,.jpeg,.jbig2,.jb2,.PDF,.PNG,.JPG,.JPE
G,.JBIG2,.JB2,.eps]
(grfext)             \AppendGraphicsExtensions on input line 456.
)
LaTeX Info: Redefining \microtypecontext on input line 26.
Package microtype Info: Generating PDF output.
Package microtype Info: Character protrusion enabled (level 2),
(microtype)             factor: 1100.
Package microtype Info: Using default protrusion set `alltext'.
Package microtype Info: Automatic font expansion enabled (level 2),
(microtype)             stretch: 10, shrink: 10, step: 1, non-selected.
Package microtype Info: Using default expansion set `basictext'.
Package microtype Info: Tracking enabled.
Package microtype Info: Using default tracking set `smallcaps'.
Package microtype Info: Adjustment of interword spacing enabled.
Package microtype Info: Using default spacing set `basictext'.
Package microtype Info: Adjustment of character kerning enabled.
Package microtype Info: Using default kerning set `alltext'.

("C:\Users\hrman\AppData\Local\Programs\MiKTeX 2.9\tex\latex\microtype\mt-ptm.c
fg"
File: mt-ptm.cfg 2006/04/20 v1.7 microtype config. file: Times (RS)
)

Package microtype Warning: \nonfrenchspacing is active. Adjustment of
(microtype)                interword spacing will disable it. You might want
(microtype)                to add `\microtypecontext{spacing=nonfrench}'
(microtype)                to your preamble.

Package biblatex Info: Input encoding 'utf8' detected.
Package biblatex Info: Automatic encoding selection.
(biblatex)             Assuming data encoding 'utf8'.
\openout4 = `"Algorithm Design Techniques.bcf"'.

Package biblatex Info: Trying to load bibliographic data...
Package biblatex Info: ... file '"Algorithm Design Techniques".bbl' found.
("Algorithm Design Techniques.bbl")
Package biblatex Info: Reference section=0 on input line 26.
Package biblatex Info: Reference segment=0 on input line 26.
 ABD: EveryShipout initializing macros
("C:\Users\hrman\AppData\Local\Programs\MiKTeX 2.9\tex\latex\microtype\mt-cmr.c
fg"
File: mt-cmr.cfg 2013/05/19 v2.2 microtype config. file: Computer Modern Roman 
(RS)
)
LaTeX Font Info:    Try loading font information for U+msa on input line 31.

("C:\Users\hrman\AppData\Local\Programs\MiKTeX 2.9\tex\latex\amsfonts\umsa.fd"
File: umsa.fd 2013/01/14 v3.01 AMS symbols A
)
("C:\Users\hrman\AppData\Local\Programs\MiKTeX 2.9\tex\latex\microtype\mt-msa.c
fg"
File: mt-msa.cfg 2006/02/04 v1.1 microtype config. file: AMS symbols (a) (RS)
)
LaTeX Font Info:    Try loading font information for U+msb on input line 31.

("C:\Users\hrman\AppData\Local\Programs\MiKTeX 2.9\tex\latex\amsfonts\umsb.fd"
File: umsb.fd 2013/01/14 v3.01 AMS symbols B
)
("C:\Users\hrman\AppData\Local\Programs\MiKTeX 2.9\tex\latex\microtype\mt-msb.c
fg"
File: mt-msb.cfg 2005/06/01 v1.0 microtype config. file: AMS symbols (b) (RS)
) [1

{C:/Users/hrman/AppData/Local/MiKTeX/2.9/pdftex/config/pdftex.map}]
LaTeX Font Info:    Font shape `OT1/ptm/bx/n' in size <17.28> not available
(Font)              Font shape `OT1/ptm/b/n' tried instead on input line 49.
LaTeX Font Info:    Font shape `OT1/ptm/bx/n' in size <14.4> not available
(Font)              Font shape `OT1/ptm/b/n' tried instead on input line 50.
LaTeX Font Info:    Try loading font information for OMS+ptm on input line 54.

("C:\Users\hrman\AppData\Local\Programs\MiKTeX 2.9\tex\latex\psnfss\omsptm.fd"
File: omsptm.fd 
)
LaTeX Font Info:    Font shape `OMS/ptm/m/n' in size <12> not available
(Font)              Font shape `OMS/cmsy/m/n' tried instead on input line 54.
LaTeX Font Info:    Font shape `OT1/ptm/bx/n' in size <12> not available
(Font)              Font shape `OT1/ptm/b/n' tried instead on input line 64.
[2] [3] [4] [5] [6] [7]
Underfull \hbox (badness 10000) in paragraph at lines 268--270

 []

[8] [9]
LaTeX Font Info:    Try loading font information for OML+ptm on input line 334.


("C:\Users\hrman\AppData\Local\Programs\MiKTeX 2.9\tex\latex\psnfss\omlptm.fd"
File: omlptm.fd 
)
LaTeX Font Info:    Font shape `OML/ptm/m/n' in size <12> not available
(Font)              Font shape `OML/cmm/m/it' tried instead on input line 334.
[10] [11] [12] [13]

LaTeX Warning: No positions in optional float specifier.
               Default added (so using `tbp') on input line 493.

[14] [15] [16]
Underfull \hbox (badness 10000) in paragraph at lines 599--601

 []

[17] [18] [19] [20]

LaTeX Warning: No positions in optional float specifier.
               Default added (so using `tbp') on input line 708.

[21]
LaTeX Font Info:    Try loading font information for OT1+pcr on input line 728.


("C:\Users\hrman\AppData\Local\Programs\MiKTeX 2.9\tex\latex\psnfss\ot1pcr.fd"
File: ot1pcr.fd 2001/06/04 font definitions for OT1/pcr.
)
Package microtype Info: Loading generic protrusion settings for font family
(microtype)             `pcr' (encoding: OT1).
(microtype)             For optimal results, create family-specific settings.
(microtype)             See the microtype manual for details.

Overfull \hbox (45.651pt too wide) in paragraph at lines 728--728
[]\OT1/ptm/m/it/12 (-10) Newton for-ward and back-ward in-ter-po-la-tion\OT1/pt
m/m/n/12 (-10) . [On-line]. Avail-able: $\OT1/pcr/m/n/12 https : / / www . geek
sforgeeks .
 []


Overfull \hbox (1.60545pt too wide) in paragraph at lines 728--728
[]\OT1/ptm/m/it/12 (-10) N queen prob-lem | back-track-ing 3\OT1/ptm/m/n/12 (-1
0) . [On-line]. Avail-able: $\OT1/pcr/m/n/12 https : / / www . geeksforgeeks .
 []

[22] ("Algorithm Design Techniques.aux")

LaTeX Warning: There were multiply-defined labels.

Package logreq Info: Writing requests to '"Algorithm Design Techniques".run.xml
'.
\openout1 = `"Algorithm Design Techniques.run.xml"'.

 ) 
Here is how much of TeX's memory you used:
 22682 strings out of 492970
 436978 string characters out of 3126593
 871000 words of memory out of 3000000
 26088 multiletter control sequences out of 15000+200000
 32831 words of font info for 110 fonts, out of 3000000 for 9000
 1141 hyphenation exceptions out of 8191
 55i,14n,56p,934b,1195s stack positions out of 5000i,500n,10000p,200000b,50000s
{C:/Users/hrman/AppData/Local/Programs/MiKTeX 2.9/fonts/enc/dvips/base/8r.enc
}<C:/Users/hrman/AppData/Local/Programs/MiKTeX 2.9/fonts/type1/public/amsfonts/
cm/cmex10.pfb><C:/Users/hrman/AppData/Local/Programs/MiKTeX 2.9/fonts/type1/pub
lic/amsfonts/cm/cmmi12.pfb><C:/Users/hrman/AppData/Local/Programs/MiKTeX 2.9/fo
nts/type1/public/amsfonts/cm/cmmi6.pfb><C:/Users/hrman/AppData/Local/Programs/M
iKTeX 2.9/fonts/type1/public/amsfonts/cm/cmmi8.pfb><C:/Users/hrman/AppData/Loca
l/Programs/MiKTeX 2.9/fonts/type1/public/amsfonts/cm/cmr12.pfb><C:/Users/hrman/
AppData/Local/Programs/MiKTeX 2.9/fonts/type1/public/amsfonts/cm/cmr6.pfb><C:/U
sers/hrman/AppData/Local/Programs/MiKTeX 2.9/fonts/type1/public/amsfonts/cm/cmr
8.pfb><C:/Users/hrman/AppData/Local/Programs/MiKTeX 2.9/fonts/type1/public/amsf
onts/cm/cmsy10.pfb><C:/Users/hrman/AppData/Local/Programs/MiKTeX 2.9/fonts/type
1/public/amsfonts/cm/cmsy8.pfb><C:/Users/hrman/AppData/Local/Programs/MiKTeX 2.
9/fonts/type1/urw/courier/ucrr8a.pfb><C:/Users/hrman/AppData/Local/Programs/MiK
TeX 2.9/fonts/type1/urw/times/utmb8a.pfb><C:/Users/hrman/AppData/Local/Programs
/MiKTeX 2.9/fonts/type1/urw/times/utmr8a.pfb><C:/Users/hrman/AppData/Local/Prog
rams/MiKTeX 2.9/fonts/type1/urw/times/utmri8a.pfb>
Output written on "Algorithm Design Techniques.pdf" (22 pages, 186966 bytes).
PDF statistics:
 129 PDF objects out of 1000 (max. 8388607)
 0 named destinations out of 1000 (max. 500000)
 30733 words of extra memory for PDF output out of 35830 (max. 10000000)

